{"level":"info","message":"13:56:31 - Posts obtidos com sucesso"}
{"level":"info","message":"13:56:36 - Posts obtidos com sucesso"}
{"level":"info","message":"13:56:40 - Posts obtidos com sucesso"}
{"level":"info","message":"14:1:43 - Posts obtidos com sucesso"}
{"level":"info","message":"14:2:55 - Posts obtidos com sucesso"}
{"level":"info","message":"14:3:23 - Posts obtidos com sucesso"}
{"level":"info","message":"14:3:28 - Posts obtidos com sucesso"}
{"level":"info","message":"14:3:39 - Posts obtidos com sucesso"}
{"level":"info","message":"14:3:41 - Posts obtidos com sucesso"}
{"level":"info","message":"14:5:14 - Posts obtidos com sucesso"}
{"level":"info","message":"14:5:15 - Posts obtidos com sucesso"}
{"level":"info","message":"14:5:18 - Posts obtidos com sucesso"}
{"level":"info","message":"14:5:20 - Posts obtidos com sucesso"}
{"level":"info","message":"14:5:23 - Posts obtidos com sucesso"}
{"level":"info","message":"14:7:11 - Posts obtidos com sucesso"}
{"level":"info","message":"14:7:14 - Posts obtidos com sucesso"}
{"level":"info","message":"14:8:10 - Posts obtidos com sucesso"}
{"level":"info","message":"14:8:10 - Posts obtidos com sucesso"}
{"level":"info","message":"14:8:11 - Posts obtidos com sucesso"}
{"level":"info","message":"14:8:31 - Posts obtidos com sucesso"}
{"level":"info","message":"14:9:42 - Posts obtidos com sucesso"}
{"level":"info","message":"14:10:11 - Posts obtidos com sucesso"}
{"level":"info","message":"14:10:24 - Posts obtidos com sucesso"}
{"level":"info","message":"14:10:26 - Posts obtidos com sucesso"}
{"level":"info","message":"14:10:34 - Posts obtidos com sucesso"}
{"level":"info","message":"14:11:0 - Posts obtidos com sucesso"}
{"level":"info","message":"14:11:2 - Posts obtidos com sucesso"}
{"level":"info","message":"14:11:4 - Posts obtidos com sucesso"}
{"level":"info","message":"14:11:7 - Posts obtidos com sucesso"}
{"level":"info","message":"14:11:8 - Posts obtidos com sucesso"}
{"level":"info","message":"14:11:9 - Posts obtidos com sucesso"}
{"level":"info","message":"14:11:10 - Posts obtidos com sucesso"}
{"level":"info","message":"14:11:21 - Posts obtidos com sucesso"}
{"level":"info","message":"14:12:19 - Posts obtidos com sucesso"}
{"level":"info","message":"14:14:55 - Posts obtidos com sucesso"}
{"level":"info","message":"14:15:55 - Posts obtidos com sucesso"}
{"level":"info","message":"14:16:4 - Posts obtidos com sucesso"}
{"level":"info","message":"14:16:29 - Posts obtidos com sucesso"}
{"level":"info","message":"14:16:30 - Posts obtidos com sucesso"}
{"level":"info","message":"14:17:30 - Posts obtidos com sucesso"}
{"level":"info","message":"14:17:30 - Posts obtidos com sucesso"}
{"level":"info","message":"14:17:51 - Posts obtidos com sucesso"}
{"level":"info","message":"14:17:55 - Posts obtidos com sucesso"}
{"level":"info","message":"14:17:57 - Posts obtidos com sucesso"}
{"level":"info","message":"14:18:7 - Posts obtidos com sucesso"}
{"level":"info","message":"14:18:7 - Posts obtidos com sucesso"}
{"level":"info","message":"14:18:10 - Posts obtidos com sucesso"}
{"level":"info","message":"14:18:15 - Posts obtidos com sucesso"}
{"level":"info","message":"14:18:42 - Posts obtidos com sucesso"}
{"level":"info","message":"14:18:49 - Posts obtidos com sucesso"}
{"level":"info","message":"14:18:54 - Posts obtidos com sucesso"}
{"level":"info","message":"14:18:55 - Posts obtidos com sucesso"}
{"level":"info","message":"14:19:0 - Posts obtidos com sucesso"}
{"level":"info","message":"14:19:7 - Posts obtidos com sucesso"}
{"level":"info","message":"14:19:8 - Posts obtidos com sucesso"}
{"level":"info","message":"14:19:8 - Posts obtidos com sucesso"}
{"level":"info","message":"14:19:11 - Posts obtidos com sucesso"}
{"level":"info","message":"14:19:29 - Posts obtidos com sucesso"}
{"level":"info","message":"14:19:31 - Posts obtidos com sucesso"}
{"level":"info","message":"14:21:12 - Posts obtidos com sucesso"}
{"level":"info","message":"14:21:12 - Posts obtidos com sucesso"}
{"level":"info","message":"14:21:22 - Posts obtidos com sucesso"}
{"level":"info","message":"14:21:25 - Posts obtidos com sucesso"}
{"level":"info","message":"14:21:49 - Posts obtidos com sucesso"}
{"level":"info","message":"14:21:49 - Posts obtidos com sucesso"}
{"level":"info","message":"14:21:59 - Posts obtidos com sucesso"}
{"level":"info","message":"14:23:21 - Posts obtidos com sucesso"}
{"level":"info","message":"14:23:29 - Posts obtidos com sucesso"}
{"level":"info","message":"14:23:55 - Posts obtidos com sucesso"}
{"level":"info","message":"14:24:17 - Posts obtidos com sucesso"}
{"level":"info","message":"14:35:40 - Posts obtidos com sucesso"}
{"level":"info","message":"14:46:39 - Posts obtidos com sucesso"}
{"level":"info","message":"14:46:56 - Posts obtidos com sucesso"}
{"level":"info","message":"14:47:28 - Posts obtidos com sucesso"}
{"level":"info","message":"14:48:9 - Posts obtidos com sucesso"}
{"level":"info","message":"14:49:40 - Posts obtidos com sucesso"}
{"level":"info","message":"14:51:39 - Posts obtidos com sucesso"}
{"level":"info","message":"14:52:15 - Posts obtidos com sucesso"}
{"level":"info","message":"14:52:17 - Posts obtidos com sucesso"}
{"level":"info","message":"14:52:33 - Posts obtidos com sucesso"}
{"level":"info","message":"14:52:33 - Posts obtidos com sucesso"}
{"level":"info","message":"14:52:57 - Posts obtidos com sucesso"}
{"level":"info","message":"14:53:14 - Posts obtidos com sucesso"}
{"level":"info","message":"14:53:14 - Posts obtidos com sucesso"}
{"level":"info","message":"14:54:9 - Posts obtidos com sucesso"}
{"level":"info","message":"14:54:12 - Posts obtidos com sucesso"}
{"level":"info","message":"14:54:18 - Posts obtidos com sucesso"}
{"level":"info","message":"14:54:26 - Posts obtidos com sucesso"}
{"level":"info","message":"14:54:33 - Posts obtidos com sucesso"}
{"level":"info","message":"14:54:33 - Posts obtidos com sucesso"}
{"level":"info","message":"14:54:41 - Posts obtidos com sucesso"}
{"level":"info","message":"14:59:34 - Posts obtidos com sucesso"}
{"level":"info","message":"15:0:12 - Posts obtidos com sucesso"}
{"level":"info","message":"15:0:53 - Posts obtidos com sucesso"}
{"level":"info","message":"15:1:14 - Posts obtidos com sucesso"}
{"level":"info","message":"15:2:5 - Posts obtidos com sucesso"}
{"level":"info","message":"15:2:59 - Posts obtidos com sucesso"}
{"level":"info","message":"15:3:2 - Posts obtidos com sucesso"}
{"level":"info","message":"15:3:9 - Posts obtidos com sucesso"}
{"level":"info","message":"15:3:15 - Posts obtidos com sucesso"}
{"level":"info","message":"15:4:2 - Posts obtidos com sucesso"}
{"level":"info","message":"15:4:6 - Post undefined obtido com sucesso"}
{"level":"info","message":"15:4:51 - Post [object Object] obtido com sucesso"}
{"level":"info","message":"15:4:52 - Post [object Object] obtido com sucesso"}
{"level":"info","message":"15:5:19 - Post introducao-ao-react obtido com sucesso"}
{"level":"info","message":"15:5:20 - Post introducao-ao-react obtido com sucesso"}
{"level":"info","message":"15:6:21 - Post introducao-ao-react obtido com sucesso"}
{"level":"info","message":"15:6:21 - [object Object]"}
{"level":"info","message":"15:6:24 - Post introducao-ao-react obtido com sucesso"}
{"level":"info","message":"15:6:24 - [object Object]"}
{"level":"info","message":"15:6:41 - Post introducao-ao-react obtido com sucesso"}
{"level":"info","message":"15:6:42 - Post introducao-ao-react obtido com sucesso"}
{"level":"info","message":"15:6:56 - Post introducao-ao-react obtido com sucesso"}
{"level":"info","message":"15:8:12 - Post introducao-ao-react obtido com sucesso"}
{"level":"info","message":"15:8:12 - [object Object]"}
{"level":"info","message":"15:9:1 - Post introducao-ao-react obtido com sucesso"}
{"level":"info","message":"15:9:1 - [object Object]"}
{"level":"info","message":"15:9:4 - Post introducao-ao-react obtido com sucesso"}
{"level":"info","message":"15:9:4 - [object Object]"}
{"level":"info","message":"15:9:40 - Post introducao-ao-react obtido com sucesso"}
{"level":"info","message":"15:9:40 - [object Object]"}
{"level":"info","message":"15:9:41 - Post introducao-ao-react obtido com sucesso"}
{"level":"info","message":"15:9:41 - [object Object]"}
{"level":"info","message":"15:12:5 - Post introducao-ao-react obtido com sucesso"}
{"level":"info","message":"15:13:50 - Post introducao-ao-react obtido com sucesso"}
{"level":"info","message":"15:13:53 - Posts obtidos com sucesso"}
{"level":"info","message":"15:13:57 - Post dicas-de-acessibilidade-web obtido com sucesso"}
{"level":"info","message":"15:14:5 - Posts obtidos com sucesso"}
{"level":"info","message":"15:14:9 - Post vuejs-para-iniciantes obtido com sucesso"}
{"level":"info","message":"15:20:39 - Post vuejs-para-iniciantes obtido com sucesso"}
{"level":"info","message":"15:21:2 - Post vuejs-para-iniciantes obtido com sucesso"}
{"level":"info","message":"15:22:11 - Post vuejs-para-iniciantes obtido com sucesso"}
{"level":"info","message":"15:22:22 - Post vuejs-para-iniciantes obtido com sucesso"}
{"level":"info","message":"15:22:51 - Post vuejs-para-iniciantes obtido com sucesso"}
{"level":"info","message":"15:22:51 - Post vuejs-para-iniciantes obtido com sucesso"}
{"level":"info","message":"15:23:4 - Post vuejs-para-iniciantes obtido com sucesso"}
{"level":"info","message":"15:23:21 - Post vuejs-para-iniciantes obtido com sucesso"}
{"level":"info","message":"15:24:27 - Post vuejs-para-iniciantes obtido com sucesso"}
{"level":"info","message":"15:24:27 - Post vuejs-para-iniciantes obtido com sucesso"}
{"level":"info","message":"15:26:43 - Posts obtidos com sucesso"}
{"level":"info","message":"15:27:2 - Post dicas-de-acessibilidade-web obtido com sucesso"}
{"level":"info","message":"15:27:13 - Posts obtidos com sucesso"}
{"level":"info","message":"15:27:17 - Post css-grid-na-pratica obtido com sucesso"}
{"level":"info","message":"19:58:13 - Posts obtidos com sucesso"}
{"level":"info","message":"19:58:23 - Posts obtidos com sucesso"}
{"level":"info","message":"19:58:56 - Post otimizacao-de-performance-no-react obtido com sucesso"}
{"level":"info","message":"20:4:17 - Post otimizacao-de-performance-no-react obtido com sucesso"}
{"level":"info","message":"20:4:49 - Post otimizacao-de-performance-no-react obtido com sucesso"}
{"level":"info","message":"20:5:17 - Post otimizacao-de-performance-no-react obtido com sucesso"}
{"level":"info","message":"20:5:21 - Post otimizacao-de-performance-no-react obtido com sucesso"}
{"level":"info","message":"20:6:3 - Post otimizacao-de-performance-no-react obtido com sucesso"}
{"level":"info","message":"20:6:3 - Post otimizacao-de-performance-no-react obtido com sucesso"}
{"level":"info","message":"20:6:10 - Post otimizacao-de-performance-no-react obtido com sucesso"}
{"level":"info","message":"20:6:29 - Post otimizacao-de-performance-no-react obtido com sucesso"}
{"level":"info","message":"20:6:56 - Post otimizacao-de-performance-no-react obtido com sucesso"}
{"level":"info","message":"20:8:15 - Post otimizacao-de-performance-no-react obtido com sucesso"}
{"level":"info","message":"20:8:15 - Post otimizacao-de-performance-no-react obtido com sucesso"}
{"level":"info","message":"20:8:52 - Post otimizacao-de-performance-no-react obtido com sucesso"}
{"level":"info","message":"20:10:47 - Post otimizacao-de-performance-no-react obtido com sucesso"}
{"level":"info","message":"20:11:18 - Post otimizacao-de-performance-no-react obtido com sucesso"}
{"level":"info","message":"20:11:34 - Post otimizacao-de-performance-no-react obtido com sucesso"}
{"level":"info","message":"20:12:29 - Post otimizacao-de-performance-no-react obtido com sucesso"}
{"level":"info","message":"20:12:56 - Post otimizacao-de-performance-no-react obtido com sucesso"}
{"level":"info","message":"20:12:56 - Post otimizacao-de-performance-no-react obtido com sucesso"}
{"level":"info","message":"20:13:7 - Post otimizacao-de-performance-no-react obtido com sucesso"}
{"level":"info","message":"20:13:7 - Post otimizacao-de-performance-no-react obtido com sucesso"}
{"level":"info","message":"20:13:14 - Post otimizacao-de-performance-no-react obtido com sucesso"}
{"level":"info","message":"20:13:14 - Post otimizacao-de-performance-no-react obtido com sucesso"}
{"level":"info","message":"20:13:18 - Post otimizacao-de-performance-no-react obtido com sucesso"}
{"level":"info","message":"20:13:19 - Post otimizacao-de-performance-no-react obtido com sucesso"}
{"level":"info","message":"20:13:41 - Post otimizacao-de-performance-no-react obtido com sucesso"}
{"level":"info","message":"20:13:41 - Post otimizacao-de-performance-no-react obtido com sucesso"}
{"level":"info","message":"20:14:48 - Post otimizacao-de-performance-no-react obtido com sucesso"}
{"level":"info","message":"20:14:48 - Post otimizacao-de-performance-no-react obtido com sucesso"}
{"level":"info","message":"20:15:13 - Post otimizacao-de-performance-no-react obtido com sucesso"}
{"level":"info","message":"20:15:13 - Post otimizacao-de-performance-no-react obtido com sucesso"}
{"level":"info","message":"20:15:41 - Post otimizacao-de-performance-no-react obtido com sucesso"}
{"level":"info","message":"20:15:42 - Post otimizacao-de-performance-no-react obtido com sucesso"}
{"level":"info","message":"20:15:50 - Post otimizacao-de-performance-no-react obtido com sucesso"}
{"level":"info","message":"20:15:50 - Post otimizacao-de-performance-no-react obtido com sucesso"}
{"level":"info","message":"20:15:59 - Post otimizacao-de-performance-no-react obtido com sucesso"}
{"level":"info","message":"20:15:59 - Post otimizacao-de-performance-no-react obtido com sucesso"}
{"level":"info","message":"20:16:12 - Post otimizacao-de-performance-no-react obtido com sucesso"}
{"level":"info","message":"20:16:13 - Post otimizacao-de-performance-no-react obtido com sucesso"}
{"level":"info","message":"20:16:17 - Post otimizacao-de-performance-no-react obtido com sucesso"}
{"level":"info","message":"20:16:17 - Post otimizacao-de-performance-no-react obtido com sucesso"}
{"level":"info","message":"20:16:22 - Post otimizacao-de-performance-no-react obtido com sucesso"}
{"level":"info","message":"20:16:30 - Post otimizacao-de-performance-no-react obtido com sucesso"}
{"level":"info","message":"20:16:30 - Post otimizacao-de-performance-no-react obtido com sucesso"}
{"level":"info","message":"20:16:41 - Post otimizacao-de-performance-no-react obtido com sucesso"}
{"level":"info","message":"20:16:41 - Post otimizacao-de-performance-no-react obtido com sucesso"}
{"level":"info","message":"20:17:1 - Post otimizacao-de-performance-no-react obtido com sucesso"}
{"level":"info","message":"20:17:1 - Post otimizacao-de-performance-no-react obtido com sucesso"}
{"level":"info","message":"20:17:8 - Post otimizacao-de-performance-no-react obtido com sucesso"}
{"level":"info","message":"20:17:8 - Post otimizacao-de-performance-no-react obtido com sucesso"}
{"level":"info","message":"20:17:16 - Post otimizacao-de-performance-no-react obtido com sucesso"}
{"level":"info","message":"20:17:16 - Post otimizacao-de-performance-no-react obtido com sucesso"}
{"level":"info","message":"20:17:33 - Post otimizacao-de-performance-no-react obtido com sucesso"}
{"level":"info","message":"20:17:54 - Post otimizacao-de-performance-no-react obtido com sucesso"}
{"level":"info","message":"20:17:55 - Post otimizacao-de-performance-no-react obtido com sucesso"}
{"level":"info","message":"20:18:22 - Post otimizacao-de-performance-no-react obtido com sucesso"}
{"level":"info","message":"20:18:30 - Post otimizacao-de-performance-no-react obtido com sucesso"}
{"level":"info","message":"20:18:30 - Post otimizacao-de-performance-no-react obtido com sucesso"}
{"level":"info","message":"20:19:2 - Post otimizacao-de-performance-no-react obtido com sucesso"}
{"level":"info","message":"20:19:2 - Post otimizacao-de-performance-no-react obtido com sucesso"}
{"level":"info","message":"20:19:42 - Post otimizacao-de-performance-no-react obtido com sucesso"}
{"level":"info","message":"20:20:12 - Post otimizacao-de-performance-no-react obtido com sucesso"}
{"level":"info","message":"20:20:15 - Posts obtidos com sucesso"}
{"level":"info","message":"20:21:35 - Posts obtidos com sucesso"}
{"level":"info","message":"20:21:35 - Posts obtidos com sucesso"}
{"level":"info","message":"20:21:45 - Posts obtidos com sucesso"}
{"level":"info","message":"20:21:45 - Posts obtidos com sucesso"}
{"level":"info","message":"20:22:20 - Posts obtidos com sucesso"}
{"level":"info","message":"20:22:20 - Posts obtidos com sucesso"}
{"level":"info","message":"20:22:29 - Posts obtidos com sucesso"}
{"level":"info","message":"20:22:29 - Posts obtidos com sucesso"}
{"level":"info","message":"20:22:41 - Posts obtidos com sucesso"}
{"level":"info","message":"20:22:42 - Posts obtidos com sucesso"}
{"level":"info","message":"20:23:2 - Posts obtidos com sucesso"}
{"level":"info","message":"20:23:2 - Posts obtidos com sucesso"}
{"level":"info","message":"20:23:23 - Post css-grid-na-pratica obtido com sucesso"}
{"level":"info","message":"20:23:40 - Post css-grid-na-pratica obtido com sucesso"}
{"level":"info","message":"20:23:53 - Post css-grid-na-pratica obtido com sucesso"}
{"level":"info","message":"20:24:2 - Post css-grid-na-pratica obtido com sucesso"}
{"level":"info","message":"20:24:11 - Post css-grid-na-pratica obtido com sucesso"}
{"level":"info","message":"20:24:42 - Post css-grid-na-pratica obtido com sucesso"}
{"level":"info","message":"20:24:46 - Post css-grid-na-pratica obtido com sucesso"}
{"level":"info","message":"20:25:4 - Post css-grid-na-pratica obtido com sucesso"}
{"level":"info","message":"20:25:4 - Post css-grid-na-pratica obtido com sucesso"}
{"level":"info","message":"20:25:35 - Post css-grid-na-pratica obtido com sucesso"}
{"level":"info","message":"20:25:35 - Post css-grid-na-pratica obtido com sucesso"}
{"level":"info","message":"20:25:55 - Post css-grid-na-pratica obtido com sucesso"}
{"level":"info","message":"20:25:56 - Post css-grid-na-pratica obtido com sucesso"}
{"level":"info","message":"20:26:37 - Post css-grid-na-pratica obtido com sucesso"}
{"level":"info","message":"20:27:32 - Post css-grid-na-pratica obtido com sucesso"}
{"level":"info","message":"20:27:47 - Post css-grid-na-pratica obtido com sucesso"}
{"level":"info","message":"20:27:47 - Post css-grid-na-pratica obtido com sucesso"}
{"level":"info","message":"20:28:11 - Post css-grid-na-pratica obtido com sucesso"}
{"level":"info","message":"20:28:11 - Post css-grid-na-pratica obtido com sucesso"}
{"level":"info","message":"20:28:23 - Post css-grid-na-pratica obtido com sucesso"}
{"level":"info","message":"20:29:57 - Post css-grid-na-pratica obtido com sucesso"}
{"level":"info","message":"20:31:56 - Post css-grid-na-pratica obtido com sucesso"}
{"level":"info","message":"20:31:59 - Post css-grid-na-pratica obtido com sucesso"}
{"level":"info","message":"20:32:32 - Post css-grid-na-pratica obtido com sucesso"}
{"level":"info","message":"20:32:39 - Post css-grid-na-pratica obtido com sucesso"}
{"level":"info","message":"20:33:0 - Post css-grid-na-pratica obtido com sucesso"}
{"level":"info","message":"20:33:5 - Post css-grid-na-pratica obtido com sucesso"}
{"level":"info","message":"20:33:12 - Post css-grid-na-pratica obtido com sucesso"}
{"level":"info","message":"20:33:50 - Post css-grid-na-pratica obtido com sucesso"}
{"level":"info","message":"20:34:8 - Post css-grid-na-pratica obtido com sucesso"}
{"level":"info","message":"20:34:14 - Posts obtidos com sucesso"}
{"level":"info","message":"20:34:15 - Post css-grid-na-pratica obtido com sucesso"}
{"level":"info","message":"20:34:17 - Posts obtidos com sucesso"}
{"level":"info","message":"20:34:22 - Post otimizacao-de-performance-no-react obtido com sucesso"}
{"level":"info","message":"20:35:32 - Post otimizacao-de-performance-no-react obtido com sucesso"}
{"level":"info","message":"20:36:30 - Post otimizacao-de-performance-no-react obtido com sucesso"}
{"level":"info","message":"20:37:13 - Post otimizacao-de-performance-no-react obtido com sucesso"}
{"level":"info","message":"20:37:29 - Post otimizacao-de-performance-no-react obtido com sucesso"}
{"level":"info","message":"20:38:58 - Post otimizacao-de-performance-no-react obtido com sucesso"}
{"level":"info","message":"20:40:3 - Post otimizacao-de-performance-no-react obtido com sucesso"}
{"level":"info","message":"20:40:3 - Post otimizacao-de-performance-no-react obtido com sucesso"}
{"level":"info","message":"20:40:10 - Post otimizacao-de-performance-no-react obtido com sucesso"}
{"level":"info","message":"20:40:29 - Post otimizacao-de-performance-no-react obtido com sucesso"}
{"level":"info","message":"20:40:29 - Post otimizacao-de-performance-no-react obtido com sucesso"}
{"level":"info","message":"20:40:53 - Post otimizacao-de-performance-no-react obtido com sucesso"}
{"level":"info","message":"20:40:53 - Post otimizacao-de-performance-no-react obtido com sucesso"}
{"level":"info","message":"20:41:12 - Post otimizacao-de-performance-no-react obtido com sucesso"}
{"level":"info","message":"20:41:12 - Post otimizacao-de-performance-no-react obtido com sucesso"}
{"level":"info","message":"20:41:35 - Post otimizacao-de-performance-no-react obtido com sucesso"}
{"level":"info","message":"20:41:35 - Post otimizacao-de-performance-no-react obtido com sucesso"}
{"level":"info","message":"20:41:53 - Post otimizacao-de-performance-no-react obtido com sucesso"}
{"level":"info","message":"20:41:53 - Post otimizacao-de-performance-no-react obtido com sucesso"}
{"level":"info","message":"20:42:5 - Post otimizacao-de-performance-no-react obtido com sucesso"}
{"level":"info","message":"20:42:5 - Post otimizacao-de-performance-no-react obtido com sucesso"}
{"level":"info","message":"20:42:11 - Post otimizacao-de-performance-no-react obtido com sucesso"}
{"level":"info","message":"20:42:47 - Post otimizacao-de-performance-no-react obtido com sucesso"}
{"level":"info","message":"20:42:47 - Post otimizacao-de-performance-no-react obtido com sucesso"}
{"level":"info","message":"20:43:6 - Post otimizacao-de-performance-no-react obtido com sucesso"}
{"level":"info","message":"20:43:39 - Post otimizacao-de-performance-no-react obtido com sucesso"}
{"level":"info","message":"20:44:7 - Post otimizacao-de-performance-no-react obtido com sucesso"}
{"level":"info","message":"20:44:7 - Post otimizacao-de-performance-no-react obtido com sucesso"}
{"level":"info","message":"20:44:11 - Post otimizacao-de-performance-no-react obtido com sucesso"}
{"level":"info","message":"20:44:11 - Post otimizacao-de-performance-no-react obtido com sucesso"}
{"level":"info","message":"20:44:33 - Post otimizacao-de-performance-no-react obtido com sucesso"}
{"level":"info","message":"20:44:34 - Post otimizacao-de-performance-no-react obtido com sucesso"}
{"level":"info","message":"20:45:14 - Post otimizacao-de-performance-no-react obtido com sucesso"}
{"level":"info","message":"20:45:14 - Post otimizacao-de-performance-no-react obtido com sucesso"}
{"level":"info","message":"20:45:44 - Post otimizacao-de-performance-no-react obtido com sucesso"}
{"level":"info","message":"20:45:44 - Post otimizacao-de-performance-no-react obtido com sucesso"}
{"level":"info","message":"20:46:10 - Post otimizacao-de-performance-no-react obtido com sucesso"}
{"level":"info","message":"20:46:26 - Post otimizacao-de-performance-no-react obtido com sucesso"}
{"level":"info","message":"20:46:26 - Post otimizacao-de-performance-no-react obtido com sucesso"}
{"level":"info","message":"20:46:47 - Post otimizacao-de-performance-no-react obtido com sucesso"}
{"level":"info","message":"20:46:47 - Post otimizacao-de-performance-no-react obtido com sucesso"}
{"level":"info","message":"20:47:2 - Post otimizacao-de-performance-no-react obtido com sucesso"}
{"level":"info","message":"20:47:2 - Post otimizacao-de-performance-no-react obtido com sucesso"}
{"level":"info","message":"20:47:58 - Posts obtidos com sucesso"}
{"level":"info","message":"20:48:1 - Post introducao-ao-typescript obtido com sucesso"}
{"level":"info","message":"20:48:27 - Posts obtidos com sucesso"}
{"level":"info","message":"20:48:30 - Posts obtidos com sucesso"}
{"level":"info","message":"20:49:53 - Post webpack-um-guia-para-iniciantes obtido com sucesso"}
{"level":"info","message":"20:49:58 - Posts obtidos com sucesso"}
{"level":"info","message":"20:50:3 - Posts obtidos com sucesso"}
{"level":"info","message":"20:51:50 - Post vuejs-para-iniciantes obtido com sucesso"}
{"level":"info","message":"20:52:5 - Posts obtidos com sucesso"}
{"level":"info","message":"20:52:16 - Post otimizacao-de-performance-no-react obtido com sucesso"}
{"level":"info","message":"20:52:18 - Posts obtidos com sucesso"}
{"level":"info","message":"16:44:23 - Posts obtidos com sucesso"}
{"level":"info","message":"16:44:47 - Post introducao-ao-react obtido com sucesso"}
{"level":"info","message":"16:46:33 - Post introducao-ao-react obtido com sucesso"}
{"level":"info","message":"16:46:37 - Posts obtidos com sucesso"}
{"level":"info","message":"16:46:39 - Post css-grid-na-pratica obtido com sucesso"}
{"level":"info","message":"10:8:17 - Post vuejs-para-iniciantes obtido com sucesso"}
{"level":"error","message":"Falha ao obter post com o slug \"introducao-ao-reactaaaaaaaaa\". Erro: TypeError: Cannot read properties of null (reading 'markdown')"}
{"level":"error","message":"Falha ao obter post com o slug \"introducao-ao-reactaa\". Erro: TypeError: Cannot read properties of null (reading 'markdown')"}
{"clientVersion":"5.20.0","code":"P2037","level":"error","meta":{"message":"FATAL: sorry, too many clients already","modelName":"Post"},"name":"PrismaClientKnownRequestError"}
{"clientVersion":"5.20.0","level":"error","name":"PrismaClientInitializationError"}
{"clientVersion":"5.20.0","level":"error","name":"PrismaClientInitializationError"}
{"clientVersion":"5.20.0","level":"error","name":"PrismaClientInitializationError"}
{"clientVersion":"5.20.0","level":"error","name":"PrismaClientInitializationError"}
{"clientVersion":"5.20.0","level":"error","name":"PrismaClientInitializationError"}
{"clientVersion":"5.20.0","level":"error","name":"PrismaClientInitializationError"}
{"clientVersion":"5.20.0","level":"error","name":"PrismaClientInitializationError"}
{"clientVersion":"5.20.0","level":"error","name":"PrismaClientInitializationError"}
{"clientVersion":"5.20.0","level":"error","name":"PrismaClientInitializationError"}
{"clientVersion":"5.20.0","level":"error","name":"PrismaClientInitializationError"}
{"clientVersion":"5.20.0","level":"error","name":"PrismaClientInitializationError"}
{"clientVersion":"5.20.0","level":"error","name":"PrismaClientInitializationError"}
{"clientVersion":"5.20.0","level":"error","name":"PrismaClientInitializationError"}
{"clientVersion":"5.20.0","level":"error","name":"PrismaClientInitializationError"}
{"clientVersion":"5.20.0","level":"error","name":"PrismaClientInitializationError"}
{"clientVersion":"5.20.0","level":"error","name":"PrismaClientInitializationError"}
{"clientVersion":"5.20.0","level":"error","name":"PrismaClientInitializationError"}
{"clientVersion":"5.20.0","level":"error","name":"PrismaClientInitializationError"}
{"clientVersion":"5.20.0","level":"error","name":"PrismaClientInitializationError"}
